#
# There is insufficient memory for the Java Runtime Environment to continue.
# Native memory allocation (mmap) failed to map 268435456 bytes for Failed to commit area from 0x00000004d6800000 to 0x00000004e6800000 of length 268435456.
# Possible reasons:
#   The system is out of physical RAM or swap space
#   The process is running with CompressedOops enabled, and the Java Heap may be blocking the growth of the native heap
# Possible solutions:
#   Reduce memory load on the system
#   Increase physical memory or swap space
#   Check if swap backing store is full
#   Decrease Java heap size (-Xmx/-Xms)
#   Decrease number of Java threads
#   Decrease Java thread stack sizes (-Xss)
#   Set larger code cache with -XX:ReservedCodeCacheSize=
# This output file may be truncated or incomplete.
#
#  Out of Memory Error (t:/workspace/open/src/hotspot/os/windows/os_windows.cpp:3275), pid=15648, tid=5228
#
# JRE version:  (11.0.4+10) (build )
# Java VM: Java HotSpot(TM) 64-Bit Server VM (11.0.4+10-LTS, mixed mode, aot, sharing, tiered, compressed oops, g1 gc, windows-amd64)
# No core dump will be written. Minidumps are not enabled by default on client versions of Windows
#

---------------  S U M M A R Y ------------

Command Line: -XX:TieredStopAtLevel=1 -Xverify:none -Dspring.output.ansi.enabled=always -Dcom.sun.management.jmxremote -Dspring.jmx.enabled=true -Dspring.liveBeansView.mbeanDomain -Dspring.application.admin.enabled=true -javaagent:C:\Program Files\JetBrains\IntelliJ IDEA 2020.1.2\lib\idea_rt.jar=8093:C:\Program Files\JetBrains\IntelliJ IDEA 2020.1.2\bin -Dfile.encoding=UTF-8 com.douzone.test.TestApplication

Host: Intel(R) Core(TM) i5-8300H CPU @ 2.30GHz, 8 cores, 15G,  Windows 10 , 64 bit Build 19041 (10.0.19041.1706)
Time: Tue May 24 15:45:34 2022 대한민국 표준시 elapsed time: 0 seconds (0d 0h 0m 0s)

---------------  T H R E A D  ---------------

Current thread (0x0000012e5f0e0800):  JavaThread "Unknown thread" [_thread_in_vm, id=5228, stack(0x00000007ee000000,0x00000007ee100000)]

Stack: [0x00000007ee000000,0x00000007ee100000]
Native frames: (J=compiled Java code, j=interpreted, Vv=VM code, C=native code)
V  [jvm.dll+0x635bda]
V  [jvm.dll+0x77360f]
V  [jvm.dll+0x774cba]
V  [jvm.dll+0x775373]
V  [jvm.dll+0x25e668]
V  [jvm.dll+0x63306a]
V  [jvm.dll+0x627ab5]
V  [jvm.dll+0x314f8c]
V  [jvm.dll+0x314e12]
V  [jvm.dll+0x31a676]
V  [jvm.dll+0x36676f]
V  [jvm.dll+0x366190]
V  [jvm.dll+0x2f1b18]
V  [jvm.dll+0x2f2c86]
V  [jvm.dll+0x74c777]
V  [jvm.dll+0x74debf]
V  [jvm.dll+0x3735a9]
V  [jvm.dll+0x732e09]
V  [jvm.dll+0x3e2c0d]
V  [jvm.dll+0x3e4ee1]
C  [java.exe+0x3607]
C  [java.exe+0x178dc]
C  [KERNEL32.DLL+0x17034]
C  [ntdll.dll+0x52651]


---------------  P R O C E S S  ---------------

Threads class SMR info:
_java_thread_list=0x0000012e5ee83dd0, length=0, elements={
}

Java Threads: ( => current thread )

Other Threads:
  0x0000012e5f0f7000 GCTaskThread "GC Thread#0" [stack: 0x00000007ee100000,0x00000007ee200000] [id=20092]
  0x0000012e5f155800 ConcurrentGCThread "G1 Main Marker" [stack: 0x00000007ee200000,0x00000007ee300000] [id=16756]
  0x0000012e5f157000 ConcurrentGCThread "G1 Conc#0" [stack: 0x00000007ee300000,0x00000007ee400000] [id=10344]

[error occurred during error reporting (printing all threads), id 0xc0000005, EXCEPTION_ACCESS_VIOLATION (0xc0000005) at pc=0x00007ffc7b6d03e7]

VM state:not at safepoint (not fully initialized)

VM Mutex/Monitor currently owned by a thread:  ([mutex/lock_event])
[0x0000012e5f0dd890] Heap_lock - owner thread: 0x0000012e5f0e0800

Heap address: 0x00000004d6800000, size: 4066 MB, Compressed Oops mode: Non-zero based: 0x00000004d6800000
Narrow klass base: 0x0000000000000000, Narrow klass shift: 0

GC Heap History (0 events):
No events

Deoptimization events (0 events):
No events

Classes redefined (0 events):
No events

Internal exceptions (0 events):
No events

Events (0 events):
No events


Dynamic libraries:
0x00007ff7094d0000 - 0x00007ff709517000 	C:\Program Files\Java\jdk-11.0.4\bin\java.exe
0x00007ffcc4b30000 - 0x00007ffcc4d25000 	C:\WINDOWS\SYSTEM32\ntdll.dll
0x00007ffcc4180000 - 0x00007ffcc423d000 	C:\WINDOWS\System32\KERNEL32.DLL
0x00007ffcc2780000 - 0x00007ffcc2a4d000 	C:\WINDOWS\System32\KERNELBASE.dll
0x00007ffcc30d0000 - 0x00007ffcc317e000 	C:\WINDOWS\System32\ADVAPI32.dll
0x00007ffcc4240000 - 0x00007ffcc42de000 	C:\WINDOWS\System32\msvcrt.dll
0x00007ffcc3f50000 - 0x00007ffcc3fec000 	C:\WINDOWS\System32\sechost.dll
0x00007ffcc2c40000 - 0x00007ffcc2d65000 	C:\WINDOWS\System32\RPCRT4.dll
0x00007ffcc2f30000 - 0x00007ffcc30d0000 	C:\WINDOWS\System32\USER32.dll
0x00007ffcc2b50000 - 0x00007ffcc2b72000 	C:\WINDOWS\System32\win32u.dll
0x00007ffcc3180000 - 0x00007ffcc31aa000 	C:\WINDOWS\System32\GDI32.dll
0x00007ffcc2440000 - 0x00007ffcc254b000 	C:\WINDOWS\System32\gdi32full.dll
0x00007ffcc26e0000 - 0x00007ffcc277d000 	C:\WINDOWS\System32\msvcp_win.dll
0x00007ffcc2a50000 - 0x00007ffcc2b50000 	C:\WINDOWS\System32\ucrtbase.dll
0x00007ffcad590000 - 0x00007ffcad82a000 	C:\WINDOWS\WinSxS\amd64_microsoft.windows.common-controls_6595b64144ccf1df_6.0.19041.1110_none_60b5254171f9507e\COMCTL32.dll
0x00007ffcb9540000 - 0x00007ffcb954a000 	C:\WINDOWS\SYSTEM32\VERSION.dll
0x00007ffcc3b30000 - 0x00007ffcc3b60000 	C:\WINDOWS\System32\IMM32.DLL
0x00007ffcbd500000 - 0x00007ffcbd516000 	C:\Program Files\Java\jdk-11.0.4\bin\vcruntime140.dll
0x00007ffc89dc0000 - 0x00007ffc89e6a000 	C:\Program Files\Java\jdk-11.0.4\bin\msvcp140.dll
0x00007ffc7b3d0000 - 0x00007ffc7bef7000 	C:\Program Files\Java\jdk-11.0.4\bin\server\jvm.dll
0x00007ffcc4ae0000 - 0x00007ffcc4ae8000 	C:\WINDOWS\System32\PSAPI.DLL
0x00007ffcab200000 - 0x00007ffcab227000 	C:\WINDOWS\SYSTEM32\WINMM.dll
0x00007ffca17a0000 - 0x00007ffca17a9000 	C:\WINDOWS\SYSTEM32\WSOCK32.dll
0x00007ffcc3a10000 - 0x00007ffcc3a7b000 	C:\WINDOWS\System32\WS2_32.dll
0x00007ffcc0ad0000 - 0x00007ffcc0ae2000 	C:\WINDOWS\SYSTEM32\kernel.appcore.dll
0x00007ffcba390000 - 0x00007ffcba3a1000 	C:\Program Files\Java\jdk-11.0.4\bin\verify.dll
0x00007ffcc0040000 - 0x00007ffcc0224000 	C:\WINDOWS\SYSTEM32\DBGHELP.DLL
0x00007ffca2160000 - 0x00007ffca218c000 	C:\WINDOWS\SYSTEM32\dbgcore.DLL
0x00007ffcc23b0000 - 0x00007ffcc2432000 	C:\WINDOWS\System32\bcryptPrimitives.dll
0x00007ffcba2c0000 - 0x00007ffcba2e9000 	C:\Program Files\Java\jdk-11.0.4\bin\java.dll
0x00007ffc94950000 - 0x00007ffc9497f000 	C:\Program Files\Java\jdk-11.0.4\bin\instrument.dll
0x00007ffcabbb0000 - 0x00007ffcabbc6000 	C:\Program Files\Java\jdk-11.0.4\bin\zip.dll
0x00007ffcbd450000 - 0x00007ffcbd45a000 	C:\Program Files\Java\jdk-11.0.4\bin\jimage.dll

dbghelp: loaded successfully - version: 4.0.5 - missing functions: none
symbol engine: initialized successfully - sym options: 0x614 - pdb path: .;C:\Program Files\Java\jdk-11.0.4\bin;C:\WINDOWS\SYSTEM32;C:\WINDOWS\WinSxS\amd64_microsoft.windows.common-controls_6595b64144ccf1df_6.0.19041.1110_none_60b5254171f9507e;C:\Program Files\Java\jdk-11.0.4\bin\server

VM Arguments:
jvm_args: -XX:TieredStopAtLevel=1 -Xverify:none -Dspring.output.ansi.enabled=always -Dcom.sun.management.jmxremote -Dspring.jmx.enabled=true -Dspring.liveBeansView.mbeanDomain -Dspring.application.admin.enabled=true -javaagent:C:\Program Files\JetBrains\IntelliJ IDEA 2020.1.2\lib\idea_rt.jar=8093:C:\Program Files\JetBrains\IntelliJ IDEA 2020.1.2\bin -Dfile.encoding=UTF-8 
java_command: com.douzone.test.TestApplication
java_class_path (initial): C:\Users\jaebin2\Desktop\test\build\classes\java\main;C:\Users\jaebin2\Desktop\test\build\resources\main;C:\Users\jaebin2\.gradle\caches\modules-2\files-2.1\org.projectlombok\lombok\1.18.24\13a394eed5c4f9efb2a6d956e2086f1d81e857d9\lombok-1.18.24.jar;C:\Users\jaebin2\.gradle\caches\modules-2\files-2.1\javax.servlet\javax.servlet-api\4.0.1\a27082684a2ff0bf397666c3943496c44541d1ca\javax.servlet-api-4.0.1.jar;C:\Users\jaebin2\.gradle\caches\modules-2\files-2.1\javax.servlet.jsp\jsp-api\2.2\5bf0c26ef77df58c7c28be2d9d52246f2b437a54\jsp-api-2.2.jar;C:\Users\jaebin2\.gradle\caches\modules-2\files-2.1\org.springframework.boot\spring-boot-starter-data-jpa\2.6.7\c67c8556deb506677da64cac10c6e4edcff41847\spring-boot-starter-data-jpa-2.6.7.jar;C:\Users\jaebin2\.gradle\caches\modules-2\files-2.1\org.springframework.boot\spring-boot-starter-web\2.6.7\d877d6b14397f0c4b3a1611149a37eaf47f32195\spring-boot-starter-web-2.6.7.jar;C:\Users\jaebin2\.gradle\caches\modules-2\files-2.1\org.mybatis.spring.boot\mybatis-spring-boot-starter\2.2.2\e4aff8ef9e02358f90b361acc938be3558f29285\mybatis-spring-boot-starter-2.2.2.jar;C:\Users\jaebin2\.gradle\caches\modules-2\files-2.1\org.mybatis\mybatis\3.5.8\914dad556830f446d54acef9b784fde19f916f8f\mybatis-3.5.8.jar;C:\Users\jaebin2\.gradle\caches\modules-2\files-2.1\org.mybatis\mybatis-spring\2.0.7\f10e399232df99280df56d39662c00ea33756112\mybatis-spring-2.0.7.jar;C:\Users\jaebin2\.gradle\caches\modules-2\files-2.1\javax.servlet\jstl\1.2\74aca283cd4f4b4f3e425f5820cda58f44409547\jstl-1.2.jar;C:\Users\jaebin2\.gradle\caches\modules-2\files-2.1\org.apache.tomcat.embed\tomcat-embed-jasper\9.0.62\489a7684e01f81698f29c561d08537953dfbe2ad\tomcat-embed-jasper-9.0.62.jar;C:\Users\jaebin2\.gradle\caches\modules-2\files-2.1\org.springframework.boot\spring-boot-starter-aop\2.6.7\35c3b25e425476d68a697206f6d96790ba7e03f9\spring-boot-starter-aop-2.6.7.jar;C:\Users\jaebin2\.gradle\caches\modules-2\files-2.1\org.springframework.boot\spring-bo
Launcher Type: SUN_STANDARD

[Global flags]
     bool BytecodeVerificationLocal                = false                                     {product} {command line}
     bool BytecodeVerificationRemote               = false                                     {product} {command line}
     intx CICompilerCount                          = 4                                         {product} {ergonomic}
     uint ConcGCThreads                            = 2                                         {product} {ergonomic}
     uint G1ConcRefinementThreads                  = 8                                         {product} {ergonomic}
   size_t G1HeapRegionSize                         = 1048576                                   {product} {ergonomic}
    uintx GCDrainStackTargetSize                   = 64                                        {product} {ergonomic}
   size_t InitialHeapSize                          = 268435456                                 {product} {ergonomic}
     bool ManagementServer                         = true                                      {product} {command line}
   size_t MarkStackSize                            = 4194304                                   {product} {ergonomic}
   size_t MaxHeapSize                              = 4263510016                                {product} {ergonomic}
   size_t MinHeapDeltaBytes                        = 1048576                                   {product} {ergonomic}
    uintx NonNMethodCodeHeapSize                   = 7549744                                {pd product} {ergonomic}
    uintx NonProfiledCodeHeapSize                  = 244108496                              {pd product} {ergonomic}
    uintx ProfiledCodeHeapSize                     = 0                                      {pd product} {ergonomic}
    uintx ReservedCodeCacheSize                    = 251658240                              {pd product} {ergonomic}
     bool SegmentedCodeCache                       = true                                      {product} {ergonomic}
     intx TieredStopAtLevel                        = 1                                         {product} {command line}
     bool UseCompressedClassPointers               = true                                 {lp64_product} {ergonomic}
     bool UseCompressedOops                        = true                                 {lp64_product} {ergonomic}
     bool UseG1GC                                  = true                                      {product} {ergonomic}
     bool UseLargePagesIndividualAllocation        = false                                  {pd product} {ergonomic}

Logging:
Log output configuration:
 #0: stdout all=warning uptime,level,tags
 #1: stderr all=off uptime,level,tags

Environment Variables:
JAVA_HOME=C:\Program Files\Java\jdk1.8.0_321
PATH=C:\Users\jaebin2\Desktop\Douzone_2th\oracle_client;C:\Users\jaebin2\Desktop\WINDOWS.X64_193000_db_home\bin;C:\Program Files\Java\jdk1.8.0_321\bin;C:\Program Files\Git\cmd;C:\Program Files (x86)\NetSarang\Xshell 6\;C:\Program Files (x86)\NetSarang\Xftp 6\;C:\Program Files\MySQL\MySQL Server 8.0\bin;C:\Program Files (x86)\Yarn\bin\;C:\Python38\Scripts\;C:\Python38\;C:\Program Files (x86)\NAT Service;C:\WINDOWS\system32;C:\WINDOWS;C:\WINDOWS\System32\Wbem;C:\WINDOWS\System32\WindowsPowerShell\v1.0\;C:\WINDOWS\System32\OpenSSH\;C:\Program Files (x86)\NVIDIA Corporation\PhysX\Common;C:\ProgramData\chocolatey\bin;C:\Program Files (x86)\Brackets\command;C:\WINDOWS\system32;C:\WINDOWS;C:\WINDOWS\System32\Wbem;C:\WINDOWS\System32\WindowsPowerShell\v1.0\;C:\WINDOWS\System32\OpenSSH\;C:\Program Files (x86)\PuTTY\;C:\Program Files\nodejs\;C:\Users\jaebin2\AppData\Local\Android\Sdk\tools;C:\Users\jaebin2\AppData\Local\Android\Sdk\platform-tools;C:\Program Files\NVIDIA Corporation\NVIDIA NvDLISR;C:\Users\jaebin2\Desktop\apache-tomcat-9.0.59-windows-x64\apache-tomcat-9.0.59\bin;C:\Program Files\MySQL\MySQL Shell 8.0\bin\;C:\Users\jaebin2\AppData\Local\Microsoft\WindowsApps;C:\Users\jaebin2\AppData\Local\Programs\Microsoft VS Code\bin;C:\Users\jaebin2\AppData\Local\Yarn\bin;C:\Users\jaebin2\AppData\Roaming\npm\node_modules\yarn\bin;C:\Users\jaebin2\AppData\Roaming\npm;C:\Program Files\Java\jdk1.8.0_321\bin;
USERNAME=jaebin2
OS=Windows_NT
PROCESSOR_IDENTIFIER=Intel64 Family 6 Model 158 Stepping 10, GenuineIntel



---------------  S Y S T E M  ---------------

OS: Windows 10 , 64 bit Build 19041 (10.0.19041.1706)

CPU:total 8 (initial active 8) (4 cores per cpu, 2 threads per core) family 6 model 158 stepping 10, cmov, cx8, fxsr, mmx, sse, sse2, sse3, ssse3, sse4.1, sse4.2, popcnt, avx, avx2, aes, clmul, erms, 3dnowpref, lzcnt, ht, tsc, tscinvbit, bmi1, bmi2, adx, fma

Memory: 4k page, system-wide physical 16258M (3081M free)
TotalPageFile size 16258M (AvailPageFile size 108M)
current process WorkingSet (physical memory assigned to process): 10M, peak: 10M
current process commit charge ("private bytes"): 58M, peak: 314M

vm_info: Java HotSpot(TM) 64-Bit Server VM (11.0.4+10-LTS) for windows-amd64 JRE (11.0.4+10-LTS), built on Jul  4 2019 16:28:13 by "mach5one" with MS VC++ 15.5 (VS2017)

END.
